#
# There is insufficient memory for the Java Runtime Environment to continue.
# Native memory allocation (malloc) failed to allocate 853536 bytes for Chunk::new
# Possible reasons:
#   The system is out of physical RAM or swap space
#   In 32 bit mode, the process size limit was hit
# Possible solutions:
#   Reduce memory load on the system
#   Increase physical memory or swap space
#   Check if swap backing store is full
#   Use 64 bit Java on a 64 bit OS
#   Decrease Java heap size (-Xmx/-Xms)
#   Decrease number of Java threads
#   Decrease Java thread stack sizes (-Xss)
#   Set larger code cache with -XX:ReservedCodeCacheSize=
# This output file may be truncated or incomplete.
#
#  Out of Memory Error (allocation.cpp:390), pid=20428, tid=13512
#
# JRE version: Java(TM) SE Runtime Environment (8.0_65-b17) (build 1.8.0_65-b17)
# Java VM: Java HotSpot(TM) 64-Bit Server VM (25.65-b01 mixed mode windows-amd64 compressed oops)
# Failed to write core dump. Minidumps are not enabled by default on client versions of Windows
#

---------------  T H R E A D  ---------------

Current thread (0x0000000017345000):  JavaThread "C2 CompilerThread0" daemon [_thread_in_native, id=13512, stack(0x00000000178c0000,0x00000000179c0000)]

Stack: [0x00000000178c0000,0x00000000179c0000]
[error occurred during error reporting (printing stack bounds), id 0xc0000005]

Native frames: (J=compiled Java code, j=interpreted, Vv=VM code, C=native code)


Current CompileTask:
C2:   3911 1428       4       com.android.dx.ssa.SsaRenamer$BlockRenamer::process (191 bytes)


---------------  P R O C E S S  ---------------

Java Threads: ( => current thread )
  0x0000000017fa1000 JavaThread "pool-1-thread-4" [_thread_blocked, id=11228, stack(0x0000000018ac0000,0x0000000018bc0000)]
  0x0000000017fa0000 JavaThread "pool-1-thread-3" [_thread_in_Java, id=14812, stack(0x00000000189c0000,0x0000000018ac0000)]
  0x0000000017fe4000 JavaThread "pool-1-thread-2" [_thread_in_Java, id=28344, stack(0x00000000188c0000,0x00000000189c0000)]
  0x0000000017fe1800 JavaThread "pool-2-thread-1" [_thread_blocked, id=944, stack(0x00000000187c0000,0x00000000188c0000)]
  0x000000001762c800 JavaThread "pool-1-thread-1" [_thread_blocked, id=20436, stack(0x00000000186c0000,0x00000000187c0000)]
  0x00000000173b5000 JavaThread "Service Thread" daemon [_thread_blocked, id=25312, stack(0x0000000017cc0000,0x0000000017dc0000)]
  0x00000000173ae000 JavaThread "C1 CompilerThread3" daemon [_thread_in_native, id=6932, stack(0x0000000017bc0000,0x0000000017cc0000)]
  0x00000000173a2800 JavaThread "C2 CompilerThread2" daemon [_thread_in_native, id=22924, stack(0x0000000017ac0000,0x0000000017bc0000)]
  0x0000000017348800 JavaThread "C2 CompilerThread1" daemon [_thread_in_native, id=8344, stack(0x00000000179c0000,0x0000000017ac0000)]
=>0x0000000017345000 JavaThread "C2 CompilerThread0" daemon [_thread_in_native, id=13512, stack(0x00000000178c0000,0x00000000179c0000)]
  0x0000000017342000 JavaThread "Attach Listener" daemon [_thread_blocked, id=7444, stack(0x00000000177c0000,0x00000000178c0000)]
  0x00000000172f8800 JavaThread "Signal Dispatcher" daemon [_thread_blocked, id=15596, stack(0x00000000176c0000,0x00000000177c0000)]
  0x0000000002453800 JavaThread "Finalizer" daemon [_thread_blocked, id=22580, stack(0x0000000016e70000,0x0000000016f70000)]
  0x0000000002452000 JavaThread "Reference Handler" daemon [_thread_blocked, id=7024, stack(0x0000000016d70000,0x0000000016e70000)]
  0x0000000002362800 JavaThread "main" [_thread_in_Java, id=19484, stack(0x0000000002260000,0x0000000002360000)]

Other Threads:
  0x0000000014f99800 VMThread [stack: 0x0000000016c70000,0x0000000016d70000] [id=3764]
  0x0000000017443000 WatcherThread [stack: 0x0000000017dc0000,0x0000000017ec0000] [id=20724]

VM state:not at safepoint (normal execution)

VM Mutex/Monitor currently owned by a thread: None

Heap:
 PSYoungGen      total 71680K, used 8792K [0x00000000eab00000, 0x00000000ef600000, 0x0000000100000000)
  eden space 66560K, 5% used [0x00000000eab00000,0x00000000eae9d880,0x00000000eec00000)
  from space 5120K, 99% used [0x00000000ef100000,0x00000000ef5f8808,0x00000000ef600000)
  to   space 5120K, 0% used [0x00000000eec00000,0x00000000eec00000,0x00000000ef100000)
 ParOldGen       total 87552K, used 4663K [0x00000000c0000000, 0x00000000c5580000, 0x00000000eab00000)
  object space 87552K, 5% used [0x00000000c0000000,0x00000000c048dcc8,0x00000000c5580000)
 Metaspace       used 6173K, capacity 7030K, committed 7296K, reserved 1056768K
  class space    used 607K, capacity 622K, committed 640K, reserved 1048576K

Card table byte_map: [0x0000000011820000,0x0000000011a30000] byte_map_base: 0x0000000011220000

Marking Bits: (ParMarkBitMap*) 0x000000006209a5b0
 Begin Bits: [0x0000000012390000, 0x0000000013390000)
 End Bits:   [0x0000000013390000, 0x0000000014390000)

Polling page: 0x00000000007c0000

CodeCache: size=245760Kb used=6081Kb max_used=6081Kb free=239678Kb
 bounds [0x0000000002460000, 0x0000000002a60000, 0x0000000011460000]
 total_blobs=1734 nmethods=1463 adapters=184
 compilation: enabled

Compilation events (10 events):
Event: 3.903 Thread 0x00000000173ae000 nmethod 1469 0x0000000002a4a250 code [0x0000000002a4a3c0, 0x0000000002a4a6a8]
Event: 3.907 Thread 0x00000000173a2800 nmethod 1421 0x0000000002a4db90 code [0x0000000002a4dea0, 0x0000000002a4fa80]
Event: 3.907 Thread 0x00000000173a2800 1431       4       com.android.dx.rop.code.RegisterSpec::make (7 bytes)
Event: 3.908 Thread 0x00000000173a2800 nmethod 1431 0x00000000029ddb10 code [0x00000000029ddc60, 0x00000000029ddcc8]
Event: 3.908 Thread 0x00000000173a2800 1462       4       com.android.dx.ssa.SsaInsn::<init> (29 bytes)
Event: 3.908 Thread 0x00000000173ae000 1470       3       com.android.dx.ssa.back.FirstFitLocalCombiningAllocator$Multiset::add (68 bytes)
Event: 3.908 Thread 0x00000000173a2800 nmethod 1462 0x0000000002a04250 code [0x0000000002a04380, 0x0000000002a04418]
Event: 3.908 Thread 0x00000000173a2800 1399       4       com.android.dx.ssa.back.FirstFitLocalCombiningAllocator$1::processInsn (169 bytes)
Event: 3.909 Thread 0x00000000173ae000 nmethod 1470 0x0000000002a49b50 code [0x0000000002a49ce0, 0x0000000002a49fd0]
Event: 3.909 Thread 0x00000000173ae000 1471       3       com.android.dx.ssa.SsaBasicBlock::addMoveToEnd (172 bytes)

GC Heap History (4 events):
Event: 1.909 GC heap before
{Heap before GC invocations=1 (full 0):
 PSYoungGen      total 38400K, used 33280K [0x00000000eab00000, 0x00000000ed580000, 0x0000000100000000)
  eden space 33280K, 100% used [0x00000000eab00000,0x00000000ecb80000,0x00000000ecb80000)
  from space 5120K, 0% used [0x00000000ed080000,0x00000000ed080000,0x00000000ed580000)
  to   space 5120K, 0% used [0x00000000ecb80000,0x00000000ecb80000,0x00000000ed080000)
 ParOldGen       total 87552K, used 0K [0x00000000c0000000, 0x00000000c5580000, 0x00000000eab00000)
  object space 87552K, 0% used [0x00000000c0000000,0x00000000c0000000,0x00000000c5580000)
 Metaspace       used 5902K, capacity 6772K, committed 7040K, reserved 1056768K
  class space    used 605K, capacity 620K, committed 640K, reserved 1048576K
Event: 1.976 GC heap after
Heap after GC invocations=1 (full 0):
 PSYoungGen      total 38400K, used 5101K [0x00000000eab00000, 0x00000000ef600000, 0x0000000100000000)
  eden space 33280K, 0% used [0x00000000eab00000,0x00000000eab00000,0x00000000ecb80000)
  from space 5120K, 99% used [0x00000000ecb80000,0x00000000ed07b6a0,0x00000000ed080000)
  to   space 5120K, 0% used [0x00000000ef100000,0x00000000ef100000,0x00000000ef600000)
 ParOldGen       total 87552K, used 316K [0x00000000c0000000, 0x00000000c5580000, 0x00000000eab00000)
  object space 87552K, 0% used [0x00000000c0000000,0x00000000c004f160,0x00000000c5580000)
 Metaspace       used 5902K, capacity 6772K, committed 7040K, reserved 1056768K
  class space    used 605K, capacity 620K, committed 640K, reserved 1048576K
}
Event: 3.447 GC heap before
{Heap before GC invocations=2 (full 0):
 PSYoungGen      total 38400K, used 38381K [0x00000000eab00000, 0x00000000ef600000, 0x0000000100000000)
  eden space 33280K, 100% used [0x00000000eab00000,0x00000000ecb80000,0x00000000ecb80000)
  from space 5120K, 99% used [0x00000000ecb80000,0x00000000ed07b6a0,0x00000000ed080000)
  to   space 5120K, 0% used [0x00000000ef100000,0x00000000ef100000,0x00000000ef600000)
 ParOldGen       total 87552K, used 316K [0x00000000c0000000, 0x00000000c5580000, 0x00000000eab00000)
  object space 87552K, 0% used [0x00000000c0000000,0x00000000c004f160,0x00000000c5580000)
 Metaspace       used 6168K, capacity 7030K, committed 7296K, reserved 1056768K
  class space    used 607K, capacity 622K, committed 640K, reserved 1048576K
Event: 3.900 GC heap after
Heap after GC invocations=2 (full 0):
 PSYoungGen      total 71680K, used 5090K [0x00000000eab00000, 0x00000000ef600000, 0x0000000100000000)
  eden space 66560K, 0% used [0x00000000eab00000,0x00000000eab00000,0x00000000eec00000)
  from space 5120K, 99% used [0x00000000ef100000,0x00000000ef5f8808,0x00000000ef600000)
  to   space 5120K, 0% used [0x00000000eec00000,0x00000000eec00000,0x00000000ef100000)
 ParOldGen       total 87552K, used 4663K [0x00000000c0000000, 0x00000000c5580000, 0x00000000eab00000)
  object space 87552K, 5% used [0x00000000c0000000,0x00000000c048dcc8,0x00000000c5580000)
 Metaspace       used 6168K, capacity 7030K, committed 7296K, reserved 1056768K
  class space    used 607K, capacity 622K, committed 640K, reserved 1048576K
}

Deoptimization events (10 events):
Event: 1.796 Thread 0x0000000002362800 Uncommon trap: reason=class_check action=maybe_recompile pc=0x00000000027775e8 method=com.android.dx.rop.type.Type.equals(Ljava/lang/Object;)Z @ 8
Event: 1.838 Thread 0x0000000017fa0000 Uncommon trap: reason=unstable_if action=reinterpret pc=0x00000000026764b0 method=java.util.BitSet.nextSetBit(I)I @ 87
Event: 2.032 Thread 0x0000000002362800 Uncommon trap: reason=null_check action=make_not_entrant pc=0x00000000027775f8 method=com.android.dx.rop.type.Type.equals(Ljava/lang/Object;)Z @ 8
Event: 2.508 Thread 0x0000000017fe4000 Uncommon trap: reason=unstable_if action=reinterpret pc=0x00000000027ddab8 method=com.android.dx.cf.code.Ropper.labelToResultIndex(I)I @ 34
Event: 3.180 Thread 0x0000000002362800 Uncommon trap: reason=unloaded action=reinterpret pc=0x0000000002937754 method=com.android.dx.cf.cst.ConstantPoolParser.parse0(ILjava/util/BitSet;)Lcom/android/dx/rop/cst/Constant; @ 198
Event: 3.209 Thread 0x0000000002362800 Uncommon trap: reason=null_check action=make_not_entrant pc=0x00000000029f3db4 method=com.android.dx.ssa.SsaRenamer.getLocalForNewReg(I)Lcom/android/dx/rop/code/LocalItem; @ 19
Event: 3.240 Thread 0x0000000017fe4000 Uncommon trap: reason=unstable_if action=reinterpret pc=0x000000000282439c method=com.android.dx.rop.cst.Constant.compareTo(Lcom/android/dx/rop/cst/Constant;)I @ 12
Event: 3.251 Thread 0x0000000002362800 Uncommon trap: reason=unstable_if action=reinterpret pc=0x00000000029fc08c method=com.android.dx.rop.code.RegisterSpecSet.put(Lcom/android/dx/rop/code/RegisterSpec;)V @ 77
Event: 3.251 Thread 0x0000000002362800 Uncommon trap: reason=unstable_if action=reinterpret pc=0x00000000027ec520 method=com.android.dx.rop.code.RegisterSpecSet.put(Lcom/android/dx/rop/code/RegisterSpec;)V @ 77
Event: 3.251 Thread 0x0000000002362800 Uncommon trap: reason=unstable_if action=reinterpret pc=0x000000000277b8ec method=com.android.dx.rop.code.RegisterSpecSet.put(Lcom/android/dx/rop/code/RegisterSpec;)V @ 77

Internal exceptions (4 events):
Event: 0.168 Thread 0x0000000002362800 Exception <a 'java/lang/NoSuchMethodError': Method sun.misc.Unsafe.defineClass(Ljava/lang/String;[BII)Ljava/lang/Class; name or signature does not match> (0x00000000eab13060) thrown at [C:\workspace\8-2-build-windows-amd64-cygwin\jdk8u65\4987\hotspot\src\s¢ REè≈?
Event: 0.168 Thread 0x0000000002362800 Exception <a 'java/lang/NoSuchMethodError': Method sun.misc.Unsafe.prefetchRead(Ljava/lang/Object;J)V name or signature does not match> (0x00000000eab13348) thrown at [C:\workspace\8-2-build-windows-amd64-cygwin\jdk8u65\4987\hotspot\src\share\vm\prims\jni.’é@JHB
Event: 2.032 Thread 0x0000000002362800 Implicit null exception at 0x00000000027774e2 to 0x00000000027775e9
Event: 3.209 Thread 0x0000000002362800 Implicit null exception at 0x00000000029f19ef to 0x00000000029f3d59

Events (10 events):
Event: 3.251 Thread 0x0000000002362800 DEOPT PACKING pc=0x00000000029fc08c sp=0x000000000235e0f0
Event: 3.251 Thread 0x0000000002362800 DEOPT UNPACKING pc=0x00000000024a582a sp=0x000000000235e040 mode 2
Event: 3.251 Thread 0x0000000002362800 Uncommon trap: trap_request=0xffffff65 fr.pc=0x00000000027ec520
Event: 3.251 Thread 0x0000000002362800 DEOPT PACKING pc=0x00000000027ec520 sp=0x000000000235e000
Event: 3.251 Thread 0x0000000002362800 DEOPT UNPACKING pc=0x00000000024a582a sp=0x000000000235df20 mode 2
Event: 3.251 Thread 0x0000000002362800 Uncommon trap: trap_request=0xffffff65 fr.pc=0x000000000277b8ec
Event: 3.251 Thread 0x0000000002362800 DEOPT PACKING pc=0x000000000277b8ec sp=0x000000000235df80
Event: 3.251 Thread 0x0000000002362800 DEOPT UNPACKING pc=0x00000000024a582a sp=0x000000000235df18 mode 2
Event: 3.298 Executing VM operation: ParallelGCFailedAllocation
Event: 3.900 Executing VM operation: ParallelGCFailedAllocation done


Dynamic libraries:
0x00007ff751560000 - 0x00007ff751597000 	D:\Program Files\Java\jdk1.8.0_65\bin\java.exe
0x00007ff808f20000 - 0x00007ff8090cc000 	C:\windows\SYSTEM32\ntdll.dll
0x00007ff8062b0000 - 0x00007ff8063ee000 	C:\windows\system32\KERNEL32.DLL
0x00007ff805db0000 - 0x00007ff805ec5000 	C:\windows\system32\KERNELBASE.dll
0x00007ff8048a0000 - 0x00007ff80492e000 	C:\windows\system32\apphelp.dll
0x00007ff801e10000 - 0x00007ff801e63000 	C:\windows\AppPatch\AppPatch64\AcGenral.DLL
0x00007ff806660000 - 0x00007ff80670a000 	C:\windows\system32\msvcrt.dll
0x00007ff805b20000 - 0x00007ff805b4e000 	C:\windows\SYSTEM32\SspiCli.dll
0x00007ff808dc0000 - 0x00007ff808e14000 	C:\windows\system32\SHLWAPI.dll
0x00007ff808c40000 - 0x00007ff808db7000 	C:\windows\system32\USER32.dll
0x00007ff806c20000 - 0x00007ff806db4000 	C:\windows\system32\ole32.dll
0x00007ff807610000 - 0x00007ff808b3b000 	C:\windows\system32\SHELL32.dll
0x00007ff8052f0000 - 0x00007ff805311000 	C:\windows\SYSTEM32\USERENV.dll
0x00007ff806940000 - 0x00007ff8069ea000 	C:\windows\system32\ADVAPI32.dll
0x00007ff802860000 - 0x00007ff80287e000 	C:\windows\SYSTEM32\MPR.dll
0x00007ff806450000 - 0x00007ff806591000 	C:\windows\system32\RPCRT4.dll
0x00007ff808b70000 - 0x00007ff808bc9000 	C:\windows\SYSTEM32\sechost.dll
0x00007ff806a00000 - 0x00007ff806c11000 	C:\windows\SYSTEM32\combase.dll
0x00007ff8067e0000 - 0x00007ff80692f000 	C:\windows\system32\GDI32.dll
0x00007ff805c80000 - 0x00007ff805c95000 	C:\windows\SYSTEM32\profapi.dll
0x00007ff804250000 - 0x00007ff804302000 	C:\windows\SYSTEM32\SHCORE.dll
0x00007ff8073b0000 - 0x00007ff8073e6000 	C:\windows\system32\IMM32.DLL
0x00007ff8073f0000 - 0x00007ff807542000 	C:\windows\system32\MSCTF.dll
0x00007ff803dd0000 - 0x00007ff80404b000 	C:\windows\WinSxS\amd64_microsoft.windows.common-controls_6595b64144ccf1df_6.0.9600.18006_none_623f33d3ecbe86e8\COMCTL32.dll
0x0000000061560000 - 0x0000000061632000 	D:\Program Files\Java\jdk1.8.0_65\jre\bin\msvcr100.dll
0x0000000061890000 - 0x0000000062119000 	D:\Program Files\Java\jdk1.8.0_65\jre\bin\server\jvm.dll
0x00007ffffdb30000 - 0x00007ffffdb39000 	C:\windows\SYSTEM32\WSOCK32.dll
0x00007ff805ed0000 - 0x00007ff805ef2000 	C:\windows\system32\WINMM.dll
0x00007ff803800000 - 0x00007ff80380a000 	C:\windows\SYSTEM32\VERSION.dll
0x00007ff8062a0000 - 0x00007ff8062a7000 	C:\windows\system32\PSAPI.DLL
0x00007ff807210000 - 0x00007ff80726a000 	C:\windows\system32\WS2_32.dll
0x00007ff805d60000 - 0x00007ff805d8a000 	C:\windows\system32\WINMMBASE.dll
0x00007ff808b60000 - 0x00007ff808b69000 	C:\windows\system32\NSI.dll
0x00007ff805f00000 - 0x00007ff805f4f000 	C:\windows\SYSTEM32\cfgmgr32.dll
0x00007ff805d30000 - 0x00007ff805d58000 	C:\windows\system32\DEVOBJ.dll
0x00000000627c0000 - 0x00000000627cf000 	D:\Program Files\Java\jdk1.8.0_65\jre\bin\verify.dll
0x0000000062790000 - 0x00000000627b9000 	D:\Program Files\Java\jdk1.8.0_65\jre\bin\java.dll
0x0000000062770000 - 0x0000000062786000 	D:\Program Files\Java\jdk1.8.0_65\jre\bin\zip.dll

VM Arguments:
jvm_args: -Xmx1024M -Dfile.encoding=GBK -Duser.country=CN -Duser.language=zh -Duser.variant 
java_command: com.android.dx.command.Main --dex --num-threads=4 --output D:\android studio workspace\WifiBus\app\build\intermediates\pre-dexed\debug\classes-f809f5285dd63aa2aab5e3a1a0e6fbfb44436814.jar D:\android studio workspace\WifiBus\app\build\intermediates\exploded-aar\com.android.support\support-v4\23.1.1\jars\classes.jar
java_class_path (initial): C:\Users\xiuge\AppData\Local\Android\sdk\build-tools\23.0.2\lib\dx.jar
Launcher Type: SUN_STANDARD

Environment Variables:
JAVA_HOME=D:\Program Files\Java\jdk1.8.0_65
CLASSPATH=.;D:\Program Files\Java\jdk1.8.0_65\lib;D:\Program Files\Java\jdk1.8.0_65\lib\tools.jar
PATH=C:\ProgramData\Oracle\Java\javapath;C:\Program Files (x86)\Common Files\NetSarang;C:\Program Files (x86)\Intel\iCLS Client\;C:\Program Files\Intel\iCLS Client\;C:\windows\system32;C:\windows;C:\windows\System32\Wbem;C:\windows\System32\WindowsPowerShell\v1.0\;C:\Program Files\Intel\Intel(R) Management Engine Components\DAL;C:\Program Files (x86)\Intel\Intel(R) Management Engine Components\DAL;C:\Program Files\Intel\Intel(R) Management Engine Components\IPT;C:\Program Files (x86)\Intel\Intel(R) Management Engine Components\IPT;C:\Program Files\Lenovo\Bluetooth Software\;C:\Program Files\Lenovo\Bluetooth Software\syswow64;D:\Program Files\android\adt-bundle-windows-x86_64-20140321\sdk\platform-tools;C:\Program Files (x86)\NVIDIA Corporation\PhysX\Common;D:\xampp\php;D:\Program Files\Java\jdk1.8.0_65\bin;D:\Program Files\Java\jdk1.8.0_65\jre\bin;
USERNAME=xiuge
OS=Windows_NT
PROCESSOR_IDENTIFIER=Intel64 Family 6 Model 60 Stepping 3, GenuineIntel



---------------  S Y S T E M  ---------------

OS: Windows 8.1 , 64 bit Build 9600 (6.3.9600.17415)

CPU:total 8 (4 cores per cpu, 2 threads per core) family 6 model 60 stepping 3, cmov, cx8, fxsr, mmx, sse, sse2, sse3, ssse3, sse4.1, sse4.2, popcnt, avx, avx2, aes, clmul, erms, lzcnt, ht, tsc, tscinvbit, bmi1, bmi2

Memory: 4k page, physical 8273004k(294224k free), swap 11418732k(5300k free)

vm_info: Java HotSpot(TM) 64-Bit Server VM (25.65-b01) for windows-amd64 JRE (1.8.0_65-b17), built on Oct  6 2015 16:39:20 by "java_re" with MS VC++ 10.0 (VS2010)

time: Wed Jan 06 20:20:14 2016
elapsed time: 3 seconds (0d 0h 0m 3s)

