#
# There is insufficient memory for the Java Runtime Environment to continue.
# Native memory allocation (malloc) failed to allocate 262160 bytes for Chunk::new
# Possible reasons:
#   The system is out of physical RAM or swap space
#   In 32 bit mode, the process size limit was hit
# Possible solutions:
#   Reduce memory load on the system
#   Increase physical memory or swap space
#   Check if swap backing store is full
#   Use 64 bit Java on a 64 bit OS
#   Decrease Java heap size (-Xmx/-Xms)
#   Decrease number of Java threads
#   Decrease Java thread stack sizes (-Xss)
#   Set larger code cache with -XX:ReservedCodeCacheSize=
# This output file may be truncated or incomplete.
#
#  Out of Memory Error (allocation.cpp:390), pid=22932, tid=9168
#
# JRE version: Java(TM) SE Runtime Environment (8.0_65-b17) (build 1.8.0_65-b17)
# Java VM: Java HotSpot(TM) 64-Bit Server VM (25.65-b01 mixed mode windows-amd64 compressed oops)
# Failed to write core dump. Minidumps are not enabled by default on client versions of Windows
#

---------------  T H R E A D  ---------------

Current thread (0x0000000017826800):  JavaThread "C2 CompilerThread0" daemon [_thread_in_native, id=9168, stack(0x0000000017da0000,0x0000000017ea0000)]

Stack: [0x0000000017da0000,0x0000000017ea0000]
[error occurred during error reporting (printing stack bounds), id 0xc0000005]

Native frames: (J=compiled Java code, j=interpreted, Vv=VM code, C=native code)


Current CompileTask:
C2:   3896 1505   !   4       com.android.dx.cf.code.BytecodeArray::parseInstruction (2764 bytes)


---------------  P R O C E S S  ---------------

Java Threads: ( => current thread )
  0x0000000017b59800 JavaThread "pool-1-thread-4" [_thread_blocked, id=5220, stack(0x0000000018fa0000,0x00000000190a0000)]
  0x0000000017b5c800 JavaThread "pool-1-thread-3" [_thread_blocked, id=5652, stack(0x0000000018ea0000,0x0000000018fa0000)]
  0x0000000017b57000 JavaThread "pool-1-thread-2" [_thread_in_Java, id=29884, stack(0x0000000018da0000,0x0000000018ea0000)]
  0x0000000017ade000 JavaThread "pool-2-thread-1" [_thread_blocked, id=9748, stack(0x0000000018ca0000,0x0000000018da0000)]
  0x0000000017aad800 JavaThread "pool-1-thread-1" [_thread_blocked, id=27780, stack(0x0000000018ba0000,0x0000000018ca0000)]
  0x00000000178ac000 JavaThread "Service Thread" daemon [_thread_blocked, id=11332, stack(0x00000000181a0000,0x00000000182a0000)]
  0x00000000178a5800 JavaThread "C1 CompilerThread3" daemon [_thread_blocked, id=19868, stack(0x00000000180a0000,0x00000000181a0000)]
  0x000000001783b000 JavaThread "C2 CompilerThread2" daemon [_thread_in_native, id=10672, stack(0x0000000017fa0000,0x00000000180a0000)]
  0x000000001782a000 JavaThread "C2 CompilerThread1" daemon [_thread_blocked, id=18376, stack(0x0000000017ea0000,0x0000000017fa0000)]
=>0x0000000017826800 JavaThread "C2 CompilerThread0" daemon [_thread_in_native, id=9168, stack(0x0000000017da0000,0x0000000017ea0000)]
  0x0000000017823800 JavaThread "Attach Listener" daemon [_thread_blocked, id=23044, stack(0x0000000017ca0000,0x0000000017da0000)]
  0x00000000177d8800 JavaThread "Signal Dispatcher" daemon [_thread_blocked, id=13120, stack(0x0000000017ba0000,0x0000000017ca0000)]
  0x0000000002953800 JavaThread "Finalizer" daemon [_thread_blocked, id=22936, stack(0x0000000017350000,0x0000000017450000)]
  0x0000000002952000 JavaThread "Reference Handler" daemon [_thread_blocked, id=1036, stack(0x0000000017250000,0x0000000017350000)]
  0x0000000002862800 JavaThread "main" [_thread_blocked, id=3532, stack(0x0000000002760000,0x0000000002860000)]

Other Threads:
  0x0000000015479800 VMThread [stack: 0x0000000017150000,0x0000000017250000] [id=22480]
  0x0000000017902000 WatcherThread [stack: 0x00000000182a0000,0x00000000183a0000] [id=1888]

VM state:not at safepoint (normal execution)

VM Mutex/Monitor currently owned by a thread: None

Heap:
 PSYoungGen      total 71680K, used 6283K [0x00000000eab00000, 0x00000000ef600000, 0x0000000100000000)
  eden space 66560K, 1% used [0x00000000eab00000,0x00000000eac23140,0x00000000eec00000)
  from space 5120K, 99% used [0x00000000ef100000,0x00000000ef5ffc88,0x00000000ef600000)
  to   space 5120K, 0% used [0x00000000eec00000,0x00000000eec00000,0x00000000ef100000)
 ParOldGen       total 87552K, used 5169K [0x00000000c0000000, 0x00000000c5580000, 0x00000000eab00000)
  object space 87552K, 5% used [0x00000000c0000000,0x00000000c050c4f0,0x00000000c5580000)
 Metaspace       used 6270K, capacity 7092K, committed 7296K, reserved 1056768K
  class space    used 604K, capacity 620K, committed 640K, reserved 1048576K

Card table byte_map: [0x0000000011d20000,0x0000000011f30000] byte_map_base: 0x0000000011720000

Marking Bits: (ParMarkBitMap*) 0x000000006209a5b0
 Begin Bits: [0x0000000012890000, 0x0000000013890000)
 End Bits:   [0x0000000013890000, 0x0000000014890000)

Polling page: 0x0000000000b90000

CodeCache: size=245760Kb used=6574Kb max_used=6574Kb free=239185Kb
 bounds [0x0000000002960000, 0x0000000002fe0000, 0x0000000011960000]
 total_blobs=1847 nmethods=1576 adapters=184
 compilation: enabled

Compilation events (10 events):
Event: 3.533 Thread 0x00000000178a5800 1594       3       com.android.dx.rop.type.StdTypeList::getWordCount (33 bytes)
Event: 3.534 Thread 0x00000000178a5800 nmethod 1594 0x0000000002fb6310 code [0x0000000002fb64a0, 0x0000000002fb6af8]
Event: 3.534 Thread 0x00000000178a5800 1592       3       com.android.dx.ssa.back.SsaToRop::convert (99 bytes)
Event: 3.535 Thread 0x00000000178a5800 nmethod 1592 0x0000000002fcb8d0 code [0x0000000002fcbb80, 0x0000000002fcce78]
Event: 3.535 Thread 0x00000000178a5800 1593       3       com.android.dx.ssa.back.FirstFitLocalCombiningAllocator::<init> (141 bytes)
Event: 3.536 Thread 0x00000000178a5800 nmethod 1593 0x0000000002fcd990 code [0x0000000002fcdc20, 0x0000000002fcef08]
Event: 3.536 Thread 0x00000000178a5800 1596       3       com.android.dx.rop.code.Rops::opGetField (97 bytes)
Event: 3.890 Thread 0x00000000178a5800 nmethod 1596 0x0000000002fcf9d0 code [0x0000000002fcfc00, 0x0000000002fd0878]
Event: 3.890 Thread 0x00000000178a5800 1595       3       com.android.dx.cf.code.ConcreteMethod::<init> (21 bytes)
Event: 3.891 Thread 0x00000000178a5800 nmethod 1595 0x0000000002fd0e10 code [0x0000000002fd1000, 0x0000000002fd1818]

GC Heap History (4 events):
Event: 1.948 GC heap before
{Heap before GC invocations=1 (full 0):
 PSYoungGen      total 38400K, used 33280K [0x00000000eab00000, 0x00000000ed580000, 0x0000000100000000)
  eden space 33280K, 100% used [0x00000000eab00000,0x00000000ecb80000,0x00000000ecb80000)
  from space 5120K, 0% used [0x00000000ed080000,0x00000000ed080000,0x00000000ed580000)
  to   space 5120K, 0% used [0x00000000ecb80000,0x00000000ecb80000,0x00000000ed080000)
 ParOldGen       total 87552K, used 0K [0x00000000c0000000, 0x00000000c5580000, 0x00000000eab00000)
  object space 87552K, 0% used [0x00000000c0000000,0x00000000c0000000,0x00000000c5580000)
 Metaspace       used 6008K, capacity 6900K, committed 7040K, reserved 1056768K
  class space    used 599K, capacity 620K, committed 640K, reserved 1048576K
Event: 2.146 GC heap after
Heap after GC invocations=1 (full 0):
 PSYoungGen      total 38400K, used 5100K [0x00000000eab00000, 0x00000000ef600000, 0x0000000100000000)
  eden space 33280K, 0% used [0x00000000eab00000,0x00000000eab00000,0x00000000ecb80000)
  from space 5120K, 99% used [0x00000000ecb80000,0x00000000ed07b300,0x00000000ed080000)
  to   space 5120K, 0% used [0x00000000ef100000,0x00000000ef100000,0x00000000ef600000)
 ParOldGen       total 87552K, used 1198K [0x00000000c0000000, 0x00000000c5580000, 0x00000000eab00000)
  object space 87552K, 1% used [0x00000000c0000000,0x00000000c012bbe0,0x00000000c5580000)
 Metaspace       used 6008K, capacity 6900K, committed 7040K, reserved 1056768K
  class space    used 599K, capacity 620K, committed 640K, reserved 1048576K
}
Event: 3.575 GC heap before
{Heap before GC invocations=2 (full 0):
 PSYoungGen      total 38400K, used 38380K [0x00000000eab00000, 0x00000000ef600000, 0x0000000100000000)
  eden space 33280K, 100% used [0x00000000eab00000,0x00000000ecb80000,0x00000000ecb80000)
  from space 5120K, 99% used [0x00000000ecb80000,0x00000000ed07b300,0x00000000ed080000)
  to   space 5120K, 0% used [0x00000000ef100000,0x00000000ef100000,0x00000000ef600000)
 ParOldGen       total 87552K, used 1198K [0x00000000c0000000, 0x00000000c5580000, 0x00000000eab00000)
  object space 87552K, 1% used [0x00000000c0000000,0x00000000c012bbe0,0x00000000c5580000)
 Metaspace       used 6270K, capacity 7092K, committed 7296K, reserved 1056768K
  class space    used 604K, capacity 620K, committed 640K, reserved 1048576K
Event: 3.887 GC heap after
Heap after GC invocations=2 (full 0):
 PSYoungGen      total 71680K, used 5119K [0x00000000eab00000, 0x00000000ef600000, 0x0000000100000000)
  eden space 66560K, 0% used [0x00000000eab00000,0x00000000eab00000,0x00000000eec00000)
  from space 5120K, 99% used [0x00000000ef100000,0x00000000ef5ffc88,0x00000000ef600000)
  to   space 5120K, 0% used [0x00000000eec00000,0x00000000eec00000,0x00000000ef100000)
 ParOldGen       total 87552K, used 5169K [0x00000000c0000000, 0x00000000c5580000, 0x00000000eab00000)
  object space 87552K, 5% used [0x00000000c0000000,0x00000000c050c4f0,0x00000000c5580000)
 Metaspace       used 6270K, capacity 7092K, committed 7296K, reserved 1056768K
  class space    used 604K, capacity 620K, committed 640K, reserved 1048576K
}

Deoptimization events (10 events):
Event: 1.318 Thread 0x0000000017b5c800 Uncommon trap: reason=unstable_if action=reinterpret pc=0x0000000002b86f70 method=java.util.BitSet.nextSetBit(I)I @ 87
Event: 1.356 Thread 0x0000000017aad800 Uncommon trap: reason=unstable_if action=reinterpret pc=0x0000000002b865a4 method=java.util.HashMap.getNode(ILjava/lang/Object;)Ljava/util/HashMap$Node; @ 129
Event: 1.384 Thread 0x0000000017aad800 Uncommon trap: reason=class_check action=maybe_recompile pc=0x0000000002be0614 method=com.android.dx.ssa.NormalSsaInsn.accept(Lcom/android/dx/ssa/SsaInsn$Visitor;)V @ 9
Event: 1.400 Thread 0x0000000017b57000 Uncommon trap: reason=class_check action=maybe_recompile pc=0x0000000002be0614 method=com.android.dx.ssa.NormalSsaInsn.accept(Lcom/android/dx/ssa/SsaInsn$Visitor;)V @ 9
Event: 1.400 Thread 0x0000000017b57000 Uncommon trap: reason=class_check action=maybe_recompile pc=0x0000000002be0614 method=com.android.dx.ssa.NormalSsaInsn.accept(Lcom/android/dx/ssa/SsaInsn$Visitor;)V @ 9
Event: 1.400 Thread 0x0000000017b57000 Uncommon trap: reason=class_check action=maybe_recompile pc=0x0000000002be0614 method=com.android.dx.ssa.NormalSsaInsn.accept(Lcom/android/dx/ssa/SsaInsn$Visitor;)V @ 9
Event: 1.400 Thread 0x0000000017b57000 Uncommon trap: reason=class_check action=maybe_recompile pc=0x0000000002bb5e70 method=com.android.dx.ssa.NormalSsaInsn.accept(Lcom/android/dx/ssa/SsaInsn$Visitor;)V @ 9
Event: 1.717 Thread 0x0000000017b59800 Uncommon trap: reason=unstable_if action=reinterpret pc=0x0000000002c76f5c method=com.android.dx.rop.cst.Constant.compareTo(Lcom/android/dx/rop/cst/Constant;)I @ 12
Event: 2.249 Thread 0x0000000017b57000 Uncommon trap: reason=null_check action=make_not_entrant pc=0x0000000002cd47a8 method=com.android.dx.ssa.SsaRenamer.getLocalForNewReg(I)Lcom/android/dx/rop/code/LocalItem; @ 19
Event: 2.249 Thread 0x0000000017b57000 Uncommon trap: reason=null_check action=make_not_entrant pc=0x0000000002cdf1e4 method=com.android.dx.ssa.SsaRenamer.getLocalForNewReg(I)Lcom/android/dx/rop/code/LocalItem; @ 19

Internal exceptions (4 events):
Event: 0.153 Thread 0x0000000002862800 Exception <a 'java/lang/NoSuchMethodError': Method sun.misc.Unsafe.defineClass(Ljava/lang/String;[BII)Ljava/lang/Class; name or signature does not match> (0x00000000eab13060) thrown at [C:\workspace\8-2-build-windows-amd64-cygwin\jdk8u65\4987\hotspot\src\sXÖÞ˜Ã?
Event: 0.153 Thread 0x0000000002862800 Exception <a 'java/lang/NoSuchMethodError': Method sun.misc.Unsafe.prefetchRead(Ljava/lang/Object;J)V name or signature does not match> (0x00000000eab13348) thrown at [C:\workspace\8-2-build-windows-amd64-cygwin\jdk8u65\4987\hotspot\src\share\vm\prims\jni.lÑ*=&ý@
Event: 2.249 Thread 0x0000000017b57000 Implicit null exception at 0x0000000002cd2749 to 0x0000000002cd4765
Event: 2.249 Thread 0x0000000017b57000 Implicit null exception at 0x0000000002cdd243 to 0x0000000002cdf1bd

Events (10 events):
Event: 2.976 loading class com/android/dx/dex/file/UniformListItem
Event: 2.976 loading class com/android/dx/dex/file/UniformListItem done
Event: 2.981 loading class com/android/dx/dex/file/AnnotationSetRefItem
Event: 2.981 loading class com/android/dx/dex/file/AnnotationSetRefItem done
Event: 2.996 loading class com/android/dx/cf/attrib/AttExceptions
Event: 2.996 loading class com/android/dx/cf/attrib/AttExceptions done
Event: 3.414 loading class com/android/dx/cf/code/SwitchList
Event: 3.414 loading class com/android/dx/cf/code/SwitchList done
Event: 3.537 Executing VM operation: ParallelGCFailedAllocation
Event: 3.887 Executing VM operation: ParallelGCFailedAllocation done


Dynamic libraries:
0x00007ff751560000 - 0x00007ff751597000 	D:\Program Files\Java\jdk1.8.0_65\bin\java.exe
0x00007ff808f20000 - 0x00007ff8090cc000 	C:\windows\SYSTEM32\ntdll.dll
0x00007ff8062b0000 - 0x00007ff8063ee000 	C:\windows\system32\KERNEL32.DLL
0x00007ff805db0000 - 0x00007ff805ec5000 	C:\windows\system32\KERNELBASE.dll
0x00007ff8048a0000 - 0x00007ff80492e000 	C:\windows\system32\apphelp.dll
0x00007ff801e10000 - 0x00007ff801e63000 	C:\windows\AppPatch\AppPatch64\AcGenral.DLL
0x00007ff806660000 - 0x00007ff80670a000 	C:\windows\system32\msvcrt.dll
0x00007ff805b20000 - 0x00007ff805b4e000 	C:\windows\SYSTEM32\SspiCli.dll
0x00007ff808dc0000 - 0x00007ff808e14000 	C:\windows\system32\SHLWAPI.dll
0x00007ff808c40000 - 0x00007ff808db7000 	C:\windows\system32\USER32.dll
0x00007ff806c20000 - 0x00007ff806db4000 	C:\windows\system32\ole32.dll
0x00007ff807610000 - 0x00007ff808b3b000 	C:\windows\system32\SHELL32.dll
0x00007ff8052f0000 - 0x00007ff805311000 	C:\windows\SYSTEM32\USERENV.dll
0x00007ff806940000 - 0x00007ff8069ea000 	C:\windows\system32\ADVAPI32.dll
0x00007ff802860000 - 0x00007ff80287e000 	C:\windows\SYSTEM32\MPR.dll
0x00007ff806450000 - 0x00007ff806591000 	C:\windows\system32\RPCRT4.dll
0x00007ff808b70000 - 0x00007ff808bc9000 	C:\windows\SYSTEM32\sechost.dll
0x00007ff806a00000 - 0x00007ff806c11000 	C:\windows\SYSTEM32\combase.dll
0x00007ff8067e0000 - 0x00007ff80692f000 	C:\windows\system32\GDI32.dll
0x00007ff805c80000 - 0x00007ff805c95000 	C:\windows\SYSTEM32\profapi.dll
0x00007ff804250000 - 0x00007ff804302000 	C:\windows\SYSTEM32\SHCORE.dll
0x00007ff8073b0000 - 0x00007ff8073e6000 	C:\windows\system32\IMM32.DLL
0x00007ff8073f0000 - 0x00007ff807542000 	C:\windows\system32\MSCTF.dll
0x00007ff803dd0000 - 0x00007ff80404b000 	C:\windows\WinSxS\amd64_microsoft.windows.common-controls_6595b64144ccf1df_6.0.9600.18006_none_623f33d3ecbe86e8\COMCTL32.dll
0x0000000061560000 - 0x0000000061632000 	D:\Program Files\Java\jdk1.8.0_65\jre\bin\msvcr100.dll
0x0000000061890000 - 0x0000000062119000 	D:\Program Files\Java\jdk1.8.0_65\jre\bin\server\jvm.dll
0x00007ffffdb30000 - 0x00007ffffdb39000 	C:\windows\SYSTEM32\WSOCK32.dll
0x00007ff805ed0000 - 0x00007ff805ef2000 	C:\windows\system32\WINMM.dll
0x00007ff803800000 - 0x00007ff80380a000 	C:\windows\SYSTEM32\VERSION.dll
0x00007ff8062a0000 - 0x00007ff8062a7000 	C:\windows\system32\PSAPI.DLL
0x00007ff807210000 - 0x00007ff80726a000 	C:\windows\system32\WS2_32.dll
0x00007ff805d60000 - 0x00007ff805d8a000 	C:\windows\system32\WINMMBASE.dll
0x00007ff808b60000 - 0x00007ff808b69000 	C:\windows\system32\NSI.dll
0x00007ff805f00000 - 0x00007ff805f4f000 	C:\windows\SYSTEM32\cfgmgr32.dll
0x00007ff805d30000 - 0x00007ff805d58000 	C:\windows\system32\DEVOBJ.dll
0x00000000627c0000 - 0x00000000627cf000 	D:\Program Files\Java\jdk1.8.0_65\jre\bin\verify.dll
0x0000000062790000 - 0x00000000627b9000 	D:\Program Files\Java\jdk1.8.0_65\jre\bin\java.dll
0x0000000062770000 - 0x0000000062786000 	D:\Program Files\Java\jdk1.8.0_65\jre\bin\zip.dll

VM Arguments:
jvm_args: -Xmx1024M -Dfile.encoding=GBK -Duser.country=CN -Duser.language=zh -Duser.variant 
java_command: com.android.dx.command.Main --dex --num-threads=4 --output D:\android studio workspace\WifiBus\app\build\intermediates\pre-dexed\debug\internal_impl-23.1.1-749da1a200638465bb9e8915e29c77f9974ee9fb.jar D:\android studio workspace\WifiBus\app\build\intermediates\exploded-aar\com.android.support\support-v4\23.1.1\jars\libs\internal_impl-23.1.1.jar
java_class_path (initial): C:\Users\xiuge\AppData\Local\Android\sdk\build-tools\23.0.2\lib\dx.jar
Launcher Type: SUN_STANDARD

Environment Variables:
JAVA_HOME=D:\Program Files\Java\jdk1.8.0_65
CLASSPATH=.;D:\Program Files\Java\jdk1.8.0_65\lib;D:\Program Files\Java\jdk1.8.0_65\lib\tools.jar
PATH=C:\ProgramData\Oracle\Java\javapath;C:\Program Files (x86)\Common Files\NetSarang;C:\Program Files (x86)\Intel\iCLS Client\;C:\Program Files\Intel\iCLS Client\;C:\windows\system32;C:\windows;C:\windows\System32\Wbem;C:\windows\System32\WindowsPowerShell\v1.0\;C:\Program Files\Intel\Intel(R) Management Engine Components\DAL;C:\Program Files (x86)\Intel\Intel(R) Management Engine Components\DAL;C:\Program Files\Intel\Intel(R) Management Engine Components\IPT;C:\Program Files (x86)\Intel\Intel(R) Management Engine Components\IPT;C:\Program Files\Lenovo\Bluetooth Software\;C:\Program Files\Lenovo\Bluetooth Software\syswow64;D:\Program Files\android\adt-bundle-windows-x86_64-20140321\sdk\platform-tools;C:\Program Files (x86)\NVIDIA Corporation\PhysX\Common;D:\xampp\php;D:\Program Files\Java\jdk1.8.0_65\bin;D:\Program Files\Java\jdk1.8.0_65\jre\bin;
USERNAME=xiuge
OS=Windows_NT
PROCESSOR_IDENTIFIER=Intel64 Family 6 Model 60 Stepping 3, GenuineIntel



---------------  S Y S T E M  ---------------

OS: Windows 8.1 , 64 bit Build 9600 (6.3.9600.17415)

CPU:total 8 (4 cores per cpu, 2 threads per core) family 6 model 60 stepping 3, cmov, cx8, fxsr, mmx, sse, sse2, sse3, ssse3, sse4.1, sse4.2, popcnt, avx, avx2, aes, clmul, erms, lzcnt, ht, tsc, tscinvbit, bmi1, bmi2

Memory: 4k page, physical 8273004k(294224k free), swap 11418732k(5300k free)

vm_info: Java HotSpot(TM) 64-Bit Server VM (25.65-b01) for windows-amd64 JRE (1.8.0_65-b17), built on Oct  6 2015 16:39:20 by "java_re" with MS VC++ 10.0 (VS2010)

time: Wed Jan 06 20:20:14 2016
elapsed time: 3 seconds (0d 0h 0m 3s)

