#
# There is insufficient memory for the Java Runtime Environment to continue.
# Native memory allocation (malloc) failed to allocate 1048576 bytes for AllocateHeap
# Possible reasons:
#   The system is out of physical RAM or swap space
#   In 32 bit mode, the process size limit was hit
# Possible solutions:
#   Reduce memory load on the system
#   Increase physical memory or swap space
#   Check if swap backing store is full
#   Use 64 bit Java on a 64 bit OS
#   Decrease Java heap size (-Xmx/-Xms)
#   Decrease number of Java threads
#   Decrease Java thread stack sizes (-Xss)
#   Set larger code cache with -XX:ReservedCodeCacheSize=
# This output file may be truncated or incomplete.
#
#  Out of Memory Error (memory/allocation.inline.hpp:61), pid=15508, tid=15616
#
# JRE version:  (8.0_65-b17) (build )
# Java VM: Java HotSpot(TM) 64-Bit Server VM (25.65-b01 mixed mode windows-amd64 compressed oops)
# Failed to write core dump. Minidumps are not enabled by default on client versions of Windows
#

---------------  T H R E A D  ---------------

Current thread (0x0000000002882800):  JavaThread "Unknown thread" [_thread_in_vm, id=15616, stack(0x00000000023d0000,0x00000000024d0000)]

Stack: [0x00000000023d0000,0x00000000024d0000]
[error occurred during error reporting (printing stack bounds), id 0xc0000005]

Native frames: (J=compiled Java code, j=interpreted, Vv=VM code, C=native code)


---------------  P R O C E S S  ---------------

Java Threads: ( => current thread )

Other Threads:

=>0x0000000002882800 (exited) JavaThread "Unknown thread" [_thread_in_vm, id=15616, stack(0x00000000023d0000,0x00000000024d0000)]

VM state:not at safepoint (normal execution)

VM Mutex/Monitor currently owned by a thread: None

Heap:
 PSYoungGen      total 38400K, used 665K [0x00000000eab00000, 0x00000000ed580000, 0x0000000100000000)
  eden space 33280K, 2% used [0x00000000eab00000,0x00000000eaba6670,0x00000000ecb80000)
  from space 5120K, 0% used [0x00000000ed080000,0x00000000ed080000,0x00000000ed580000)
  to   space 5120K, 0% used [0x00000000ecb80000,0x00000000ecb80000,0x00000000ed080000)
 ParOldGen       total 87552K, used 0K [0x00000000c0000000, 0x00000000c5580000, 0x00000000eab00000)
  object space 87552K, 0% used [0x00000000c0000000,0x00000000c0000000,0x00000000c5580000)
 Metaspace       used 767K, capacity 4480K, committed 4480K, reserved 1056768K
  class space    used 75K, capacity 384K, committed 384K, reserved 1048576K

Card table byte_map: [0x0000000011d40000,0x0000000011f50000] byte_map_base: 0x0000000011740000

Marking Bits: (ParMarkBitMap*) 0x000000006209a5b0
 Begin Bits: [0x00000000128b0000, 0x00000000138b0000)
 End Bits:   [0x00000000138b0000, 0x00000000148b0000)

Polling page: 0x0000000000c80000

CodeCache: size=245760Kb used=328Kb max_used=328Kb free=245431Kb
 bounds [0x0000000002980000, 0x0000000002bf0000, 0x0000000011980000]
 total_blobs=57 nmethods=0 adapters=37
 compilation: enabled

Compilation events (0 events):
No events

GC Heap History (0 events):
No events

Deoptimization events (0 events):
No events

Internal exceptions (0 events):
No events

Events (10 events):
Event: 0.095 loading class java/lang/Short
Event: 0.095 loading class java/lang/Short done
Event: 0.096 loading class java/lang/Integer
Event: 0.096 loading class java/lang/Integer done
Event: 0.096 loading class java/lang/Long
Event: 0.096 loading class java/lang/Long done
Event: 0.104 loading class java/lang/NullPointerException
Event: 0.104 loading class java/lang/NullPointerException done
Event: 0.104 loading class java/lang/ArithmeticException
Event: 0.104 loading class java/lang/ArithmeticException done


Dynamic libraries:
0x00007ff751560000 - 0x00007ff751597000 	D:\Program Files\Java\jdk1.8.0_65\bin\java.exe
0x00007ff808f20000 - 0x00007ff8090cc000 	C:\windows\SYSTEM32\ntdll.dll
0x00007ff8062b0000 - 0x00007ff8063ee000 	C:\windows\system32\KERNEL32.DLL
0x00007ff805db0000 - 0x00007ff805ec5000 	C:\windows\system32\KERNELBASE.dll
0x00007ff8048a0000 - 0x00007ff80492e000 	C:\windows\system32\apphelp.dll
0x00007ff801e10000 - 0x00007ff801e63000 	C:\windows\AppPatch\AppPatch64\AcGenral.DLL
0x00007ff806660000 - 0x00007ff80670a000 	C:\windows\system32\msvcrt.dll
0x00007ff805b20000 - 0x00007ff805b4e000 	C:\windows\SYSTEM32\SspiCli.dll
0x00007ff808dc0000 - 0x00007ff808e14000 	C:\windows\system32\SHLWAPI.dll
0x00007ff808c40000 - 0x00007ff808db7000 	C:\windows\system32\USER32.dll
0x00007ff806c20000 - 0x00007ff806db4000 	C:\windows\system32\ole32.dll
0x00007ff807610000 - 0x00007ff808b3b000 	C:\windows\system32\SHELL32.dll
0x00007ff8052f0000 - 0x00007ff805311000 	C:\windows\SYSTEM32\USERENV.dll
0x00007ff806940000 - 0x00007ff8069ea000 	C:\windows\system32\ADVAPI32.dll
0x00007ff802860000 - 0x00007ff80287e000 	C:\windows\SYSTEM32\MPR.dll
0x00007ff806450000 - 0x00007ff806591000 	C:\windows\system32\RPCRT4.dll
0x00007ff808b70000 - 0x00007ff808bc9000 	C:\windows\SYSTEM32\sechost.dll
0x00007ff806a00000 - 0x00007ff806c11000 	C:\windows\SYSTEM32\combase.dll
0x00007ff8067e0000 - 0x00007ff80692f000 	C:\windows\system32\GDI32.dll
0x00007ff805c80000 - 0x00007ff805c95000 	C:\windows\SYSTEM32\profapi.dll
0x00007ff804250000 - 0x00007ff804302000 	C:\windows\SYSTEM32\SHCORE.dll
0x00007ff8073b0000 - 0x00007ff8073e6000 	C:\windows\system32\IMM32.DLL
0x00007ff8073f0000 - 0x00007ff807542000 	C:\windows\system32\MSCTF.dll
0x00007ff803dd0000 - 0x00007ff80404b000 	C:\windows\WinSxS\amd64_microsoft.windows.common-controls_6595b64144ccf1df_6.0.9600.18006_none_623f33d3ecbe86e8\COMCTL32.dll
0x0000000061560000 - 0x0000000061632000 	D:\Program Files\Java\jdk1.8.0_65\jre\bin\msvcr100.dll
0x0000000061890000 - 0x0000000062119000 	D:\Program Files\Java\jdk1.8.0_65\jre\bin\server\jvm.dll
0x00007ffffdb30000 - 0x00007ffffdb39000 	C:\windows\SYSTEM32\WSOCK32.dll
0x00007ff805ed0000 - 0x00007ff805ef2000 	C:\windows\system32\WINMM.dll
0x00007ff803800000 - 0x00007ff80380a000 	C:\windows\SYSTEM32\VERSION.dll
0x00007ff8062a0000 - 0x00007ff8062a7000 	C:\windows\system32\PSAPI.DLL
0x00007ff807210000 - 0x00007ff80726a000 	C:\windows\system32\WS2_32.dll
0x00007ff805d60000 - 0x00007ff805d8a000 	C:\windows\system32\WINMMBASE.dll
0x00007ff808b60000 - 0x00007ff808b69000 	C:\windows\system32\NSI.dll
0x00007ff805f00000 - 0x00007ff805f4f000 	C:\windows\SYSTEM32\cfgmgr32.dll
0x00007ff805d30000 - 0x00007ff805d58000 	C:\windows\system32\DEVOBJ.dll
0x00000000627c0000 - 0x00000000627cf000 	D:\Program Files\Java\jdk1.8.0_65\jre\bin\verify.dll
0x0000000062790000 - 0x00000000627b9000 	D:\Program Files\Java\jdk1.8.0_65\jre\bin\java.dll
0x0000000062770000 - 0x0000000062786000 	D:\Program Files\Java\jdk1.8.0_65\jre\bin\zip.dll

VM Arguments:
jvm_args: -Xmx1024M -Dfile.encoding=GBK -Duser.country=CN -Duser.language=zh -Duser.variant 
java_command: com.android.dx.command.Main --dex --num-threads=4 --output D:\android studio workspace\WifiBus\app\build\intermediates\pre-dexed\debug\internal_impl-23.1.1-749da1a200638465bb9e8915e29c77f9974ee9fb.jar D:\android studio workspace\WifiBus\app\build\intermediates\exploded-aar\com.android.support\support-v4\23.1.1\jars\libs\internal_impl-23.1.1.jar
java_class_path (initial): C:\Users\xiuge\AppData\Local\Android\sdk\build-tools\23.0.2\lib\dx.jar
Launcher Type: SUN_STANDARD

Environment Variables:
JAVA_HOME=D:\Program Files\Java\jdk1.8.0_65
CLASSPATH=.;D:\Program Files\Java\jdk1.8.0_65\lib;D:\Program Files\Java\jdk1.8.0_65\lib\tools.jar
PATH=C:\ProgramData\Oracle\Java\javapath;C:\Program Files (x86)\Common Files\NetSarang;C:\Program Files (x86)\Intel\iCLS Client\;C:\Program Files\Intel\iCLS Client\;C:\windows\system32;C:\windows;C:\windows\System32\Wbem;C:\windows\System32\WindowsPowerShell\v1.0\;C:\Program Files\Intel\Intel(R) Management Engine Components\DAL;C:\Program Files (x86)\Intel\Intel(R) Management Engine Components\DAL;C:\Program Files\Intel\Intel(R) Management Engine Components\IPT;C:\Program Files (x86)\Intel\Intel(R) Management Engine Components\IPT;C:\Program Files\Lenovo\Bluetooth Software\;C:\Program Files\Lenovo\Bluetooth Software\syswow64;D:\Program Files\android\adt-bundle-windows-x86_64-20140321\sdk\platform-tools;C:\Program Files (x86)\NVIDIA Corporation\PhysX\Common;D:\xampp\php;D:\Program Files\Java\jdk1.8.0_65\bin;D:\Program Files\Java\jdk1.8.0_65\jre\bin;
USERNAME=xiuge
OS=Windows_NT
PROCESSOR_IDENTIFIER=Intel64 Family 6 Model 60 Stepping 3, GenuineIntel



---------------  S Y S T E M  ---------------

OS: Windows 8.1 , 64 bit Build 9600 (6.3.9600.17415)

CPU:total 8 (4 cores per cpu, 2 threads per core) family 6 model 60 stepping 3, cmov, cx8, fxsr, mmx, sse, sse2, sse3, ssse3, sse4.1, sse4.2, popcnt, avx, avx2, aes, clmul, erms, lzcnt, ht, tsc, tscinvbit, bmi1, bmi2

Memory: 4k page, physical 8273004k(321112k free), swap 11418732k(5500k free)

vm_info: Java HotSpot(TM) 64-Bit Server VM (25.65-b01) for windows-amd64 JRE (1.8.0_65-b17), built on Oct  6 2015 16:39:20 by "java_re" with MS VC++ 10.0 (VS2010)

time: Wed Jan 06 20:09:28 2016
elapsed time: 0 seconds (0d 0h 0m 0s)

